<?xml version="1.0" encoding="UTF-8"?>
<testng-results skipped="0" failed="0" ignored="0" total="1" passed="1">
  <reporter-output>
  </reporter-output>
  <suite name="Default suite" duration-ms="10393" started-at="2020-11-08T22:05:11 CST" finished-at="2020-11-08T22:05:21 CST">
    <groups>
    </groups>
    <test name="Default test" duration-ms="10393" started-at="2020-11-08T22:05:11 CST" finished-at="2020-11-08T22:05:21 CST">
      <class name="test.LoginTest">
        <test-method status="PASS" signature="login()[pri:0, instance:test.LoginTest@3a883ce7]" name="login" duration-ms="10336" started-at="2020-11-08T22:05:11 CST" finished-at="2020-11-08T22:05:21 CST">
          <reporter-output>
          </reporter-output>
        </test-method> <!-- login -->
      </class> <!-- test.LoginTest -->
    </test> <!-- Default test -->
  </suite> <!-- Default suite -->
</testng-results>
